2019-11-15 16:26:23,567 INFO com.apple.employee.bridge.EmployeeBridgeApplication [main] Starting EmployeeBridgeApplication on BLRJPT3270D with PID 10216 (/Users/abdul.rahimanshaik/eclipse-workspace-practice/employee-bridge/target/classes started by abdul.rahimanshaik in /Users/abdul.rahimanshaik/eclipse-workspace-practice/employee-bridge)
2019-11-15 16:26:23,569 DEBUG com.apple.employee.bridge.EmployeeBridgeApplication [main] Running with Spring Boot v2.2.0.RELEASE, Spring v5.2.0.RELEASE
2019-11-15 16:26:23,570 INFO com.apple.employee.bridge.EmployeeBridgeApplication [main] No active profile set, falling back to default profiles: default
2019-11-15 16:26:26,780 INFO com.apple.employee.bridge.EmployeeBridgeApplication [main] Started EmployeeBridgeApplication in 3.662 seconds (JVM running for 6.506)
2019-11-15 16:26:35,774 INFO com.apple.employee.bridge.logging.EmployeeBridgeLogger [http-nio-9090-exec-1] Method : EmployeeBridgeDTO com.apple.employee.bridge.service.impl.EmployeeBridgeServiceImpl.fetchEmployeeById(Long): arguments: [2]
2019-11-15 16:26:37,400 INFO com.apple.employee.bridge.logging.EmployeeBridgeLogger [http-nio-9090-exec-1] Method Name : EmployeeBridgeDTO com.apple.employee.bridge.service.impl.EmployeeBridgeServiceImpl.fetchEmployeeById(Long) : Response: {"employeeID":2,"employeeName":"Balayya","employeePracticeArea":"C++","employeeDesignation":"Manager","employeeCompanyInfo":" Tech Mahindra"}
2019-11-15 16:26:39,037 INFO com.apple.employee.bridge.logging.EmployeeBridgeLogger [http-nio-9090-exec-2] Method : EmployeeBridgeDTO com.apple.employee.bridge.service.impl.EmployeeBridgeServiceImpl.fetchEmployeeById(Long): arguments: [1]
2019-11-15 16:26:39,064 INFO com.apple.employee.bridge.logging.EmployeeBridgeLogger [http-nio-9090-exec-2] Method Name : EmployeeBridgeDTO com.apple.employee.bridge.service.impl.EmployeeBridgeServiceImpl.fetchEmployeeById(Long) : Response: {"employeeID":1,"employeeName":"Chiru","employeePracticeArea":"Java","employeeDesignation":"Manager","employeeCompanyInfo":"Infosys"}
2019-11-15 16:27:00,383 INFO com.apple.employee.bridge.logging.EmployeeBridgeLogger [http-nio-9090-exec-5] Method : EmployeeBridgeDTO com.apple.employee.bridge.service.impl.EmployeeBridgeServiceImpl.fetchEmployeeById(Long): arguments: [6]
2019-11-15 16:27:00,781 INFO com.apple.employee.bridge.logging.EmployeeBridgeLogger [http-nio-9090-exec-5] Method Name : EmployeeBridgeDTO com.apple.employee.bridge.service.impl.EmployeeBridgeServiceImpl.fetchEmployeeById(Long) : Response: Employee Details Not Available for iEmployeeID : 6
2019-11-15 16:43:17,668 INFO com.apple.employee.bridge.EmployeeBridgeApplication [main] Starting EmployeeBridgeApplication on BLRJPT3270D with PID 10548 (/Users/abdul.rahimanshaik/eclipse-workspace-practice/employee-bridge/target/classes started by abdul.rahimanshaik in /Users/abdul.rahimanshaik/eclipse-workspace-practice/employee-bridge)
2019-11-15 16:43:17,670 DEBUG com.apple.employee.bridge.EmployeeBridgeApplication [main] Running with Spring Boot v2.2.0.RELEASE, Spring v5.2.0.RELEASE
2019-11-15 16:43:17,671 INFO com.apple.employee.bridge.EmployeeBridgeApplication [main] No active profile set, falling back to default profiles: default
2019-11-15 16:43:19,875 INFO com.apple.employee.bridge.EmployeeBridgeApplication [main] Started EmployeeBridgeApplication in 2.955 seconds (JVM running for 4.128)
2019-11-15 16:43:23,777 INFO com.apple.employee.bridge.logging.EmployeeBridgeLogger [http-nio-9090-exec-1] Method : EmployeeBridgeDTO com.apple.employee.bridge.service.impl.EmployeeBridgeServiceImpl.fetchEmployeeById(Long): arguments: [1]
2019-11-15 16:43:24,198 INFO com.apple.employee.bridge.logging.EmployeeBridgeLogger [http-nio-9090-exec-1] Method Name : EmployeeBridgeDTO com.apple.employee.bridge.service.impl.EmployeeBridgeServiceImpl.fetchEmployeeById(Long) : Response: {"employeeID":1,"employeeName":"Chiru","employeePracticeArea":"Java","employeeDesignation":"Manager","employeeCompanyInfo":"Infosys"}
2019-11-15 16:43:28,351 INFO com.apple.employee.bridge.logging.EmployeeBridgeLogger [http-nio-9090-exec-2] Method : EmployeeBridgeDTO com.apple.employee.bridge.service.impl.EmployeeBridgeServiceImpl.fetchEmployeeById(Long): arguments: [2]
2019-11-15 16:43:28,485 INFO com.apple.employee.bridge.logging.EmployeeBridgeLogger [http-nio-9090-exec-2] Method Name : EmployeeBridgeDTO com.apple.employee.bridge.service.impl.EmployeeBridgeServiceImpl.fetchEmployeeById(Long) : Response: {"employeeID":2,"employeeName":"Balayya","employeePracticeArea":"C++","employeeDesignation":"Manager","employeeCompanyInfo":" Tech Mahindra"}
2019-11-15 16:43:33,187 INFO com.apple.employee.bridge.logging.EmployeeBridgeLogger [http-nio-9090-exec-3] Method : EmployeeBridgeDTO com.apple.employee.bridge.service.impl.EmployeeBridgeServiceImpl.fetchEmployeeById(Long): arguments: [7]
2019-11-15 16:43:33,202 INFO com.apple.employee.bridge.logging.EmployeeBridgeLogger [http-nio-9090-exec-3] Method Name : EmployeeBridgeDTO com.apple.employee.bridge.service.impl.EmployeeBridgeServiceImpl.fetchEmployeeById(Long) : Response: Employee Details Not Available for iEmployeeID : 7
2019-11-15 16:45:45,040 INFO com.apple.employee.bridge.EmployeeBridgeApplication [main] Starting EmployeeBridgeApplication on BLRJPT3270D with PID 10580 (/Users/abdul.rahimanshaik/eclipse-workspace-practice/employee-bridge/target/classes started by abdul.rahimanshaik in /Users/abdul.rahimanshaik/eclipse-workspace-practice/employee-bridge)
2019-11-15 16:45:45,041 DEBUG com.apple.employee.bridge.EmployeeBridgeApplication [main] Running with Spring Boot v2.2.0.RELEASE, Spring v5.2.0.RELEASE
2019-11-15 16:45:45,044 INFO com.apple.employee.bridge.EmployeeBridgeApplication [main] No active profile set, falling back to default profiles: default
2019-11-15 16:45:47,037 INFO com.apple.employee.bridge.EmployeeBridgeApplication [main] Started EmployeeBridgeApplication in 2.314 seconds (JVM running for 3.996)
2019-11-15 16:45:49,337 INFO com.apple.employee.bridge.logging.EmployeeBridgeLogger [http-nio-9090-exec-1] Method : EmployeeBridgeDTO com.apple.employee.bridge.service.impl.EmployeeBridgeServiceImpl.fetchEmployeeById(Long): arguments: [7]
2019-11-15 16:45:49,441 INFO com.apple.employee.bridge.logging.EmployeeBridgeLogger [http-nio-9090-exec-1] Method Name : EmployeeBridgeDTO com.apple.employee.bridge.service.impl.EmployeeBridgeServiceImpl.fetchEmployeeById(Long) : Response: Employee Details Not Available for iEmployeeID : 7
2019-11-15 16:45:54,494 INFO com.apple.employee.bridge.logging.EmployeeBridgeLogger [http-nio-9090-exec-2] Method : EmployeeBridgeDTO com.apple.employee.bridge.service.impl.EmployeeBridgeServiceImpl.fetchEmployeeById(Long): arguments: [3]
2019-11-15 16:45:54,518 INFO com.apple.employee.bridge.logging.EmployeeBridgeLogger [http-nio-9090-exec-2] Method Name : EmployeeBridgeDTO com.apple.employee.bridge.service.impl.EmployeeBridgeServiceImpl.fetchEmployeeById(Long) : Response: {"employeeID":3,"employeeName":"Venky","employeePracticeArea":"AI","employeeDesignation":"Sr.Architect","employeeCompanyInfo":" Apple"}
