2019-11-22 11:58:36,267 INFO com.apple.employee.bridge.EmployeeBridgeApplication [main] Starting EmployeeBridgeApplication on BLRJPT3270D with PID 28831 (/Users/abdul.rahimanshaik/eclipse-workspace-practice/employee-bridge/target/classes started by abdul.rahimanshaik in /Users/abdul.rahimanshaik/eclipse-workspace-practice/employee-bridge)
2019-11-22 11:58:36,269 DEBUG com.apple.employee.bridge.EmployeeBridgeApplication [main] Running with Spring Boot v2.2.0.RELEASE, Spring v5.2.0.RELEASE
2019-11-22 11:58:36,270 INFO com.apple.employee.bridge.EmployeeBridgeApplication [main] No active profile set, falling back to default profiles: default
2019-11-22 11:58:37,656 INFO com.apple.employee.bridge.EmployeeBridgeApplication [main] Started EmployeeBridgeApplication in 1.733 seconds (JVM running for 3.622)
2019-11-22 12:00:24,706 INFO com.apple.employee.bridge.EmployeeBridgeApplication [main] Starting EmployeeBridgeApplication on BLRJPT3270D with PID 28854 (/Users/abdul.rahimanshaik/eclipse-workspace-practice/employee-bridge/target/classes started by abdul.rahimanshaik in /Users/abdul.rahimanshaik/eclipse-workspace-practice/employee-bridge)
2019-11-22 12:00:24,708 DEBUG com.apple.employee.bridge.EmployeeBridgeApplication [main] Running with Spring Boot v2.2.0.RELEASE, Spring v5.2.0.RELEASE
2019-11-22 12:00:24,708 INFO com.apple.employee.bridge.EmployeeBridgeApplication [main] No active profile set, falling back to default profiles: default
2019-11-22 12:00:25,821 INFO com.apple.employee.bridge.EmployeeBridgeApplication [main] Started EmployeeBridgeApplication in 1.332 seconds (JVM running for 2.063)
2019-11-22 12:00:30,027 INFO com.apple.employee.bridge.EmployeeBridgeApplication [main] Starting EmployeeBridgeApplication on BLRJPT3270D with PID 28856 (/Users/abdul.rahimanshaik/eclipse-workspace-practice/employee-bridge/target/classes started by abdul.rahimanshaik in /Users/abdul.rahimanshaik/eclipse-workspace-practice/employee-bridge)
2019-11-22 12:00:30,029 DEBUG com.apple.employee.bridge.EmployeeBridgeApplication [main] Running with Spring Boot v2.2.0.RELEASE, Spring v5.2.0.RELEASE
2019-11-22 12:00:30,029 INFO com.apple.employee.bridge.EmployeeBridgeApplication [main] No active profile set, falling back to default profiles: default
2019-11-22 12:00:31,167 INFO com.apple.employee.bridge.EmployeeBridgeApplication [main] Started EmployeeBridgeApplication in 1.365 seconds (JVM running for 1.918)
2019-11-22 12:00:57,857 INFO com.apple.employee.bridge.logging.EmployeeBridgeLogger [http-nio-9090-exec-2] Method : EmployeeBridgeDTO com.apple.employee.bridge.service.impl.EmployeeBridgeServiceImpl.fetchEmployeeById(Long): arguments: [1]
2019-11-22 12:00:57,920 INFO com.apple.employee.bridge.logging.EmployeeBridgeLogger [http-nio-9090-exec-2] Method Name : EmployeeBridgeDTO com.apple.employee.bridge.service.impl.EmployeeBridgeServiceImpl.fetchEmployeeById(Long) : Response: {"employeeID":1,"employeeName":"Chiru","employeePracticeArea":"Java","employeeDesignation":"Manager","employeeCompanyInfo":"Infosys"}
2019-11-22 12:27:31,870 INFO com.apple.employee.bridge.EmployeeBridgeApplication [main] Starting EmployeeBridgeApplication on BLRJPT3270D with PID 29207 (/Users/abdul.rahimanshaik/eclipse-workspace-practice/employee-bridge/target/classes started by abdul.rahimanshaik in /Users/abdul.rahimanshaik/eclipse-workspace-practice/employee-bridge)
2019-11-22 12:27:31,872 DEBUG com.apple.employee.bridge.EmployeeBridgeApplication [main] Running with Spring Boot v2.2.0.RELEASE, Spring v5.2.0.RELEASE
2019-11-22 12:27:31,873 INFO com.apple.employee.bridge.EmployeeBridgeApplication [main] No active profile set, falling back to default profiles: default
2019-11-22 12:27:33,068 INFO com.apple.employee.bridge.EmployeeBridgeApplication [main] Started EmployeeBridgeApplication in 1.441 seconds (JVM running for 2.012)
2019-11-22 12:27:39,884 INFO com.apple.employee.bridge.logging.EmployeeBridgeLogger [http-nio-9090-exec-1] Method : List com.apple.employee.bridge.controller.EmployeeBridgeController.fetchEmployees(): arguments: []
2019-11-22 12:27:39,889 INFO com.apple.employee.bridge.logging.EmployeeBridgeLogger [http-nio-9090-exec-1] Method : List com.apple.employee.bridge.service.impl.EmployeeBridgeServiceImpl.fetchEmployees(): arguments: []
2019-11-22 12:27:40,269 INFO com.apple.employee.bridge.logging.EmployeeBridgeLogger [http-nio-9090-exec-1] Method Name : List com.apple.employee.bridge.service.impl.EmployeeBridgeServiceImpl.fetchEmployees() : Response: [{"employeeID":1,"employeeName":"Chiru","employeePracticeArea":"Java","employeeDesignation":"Manager","employeeCompanyInfo":"Infosys"},{"employeeID":2,"employeeName":"Balayya","employeePracticeArea":"C++","employeeDesignation":"Manager","employeeCompanyInfo":" Tech Mahindra"},{"employeeID":3,"employeeName":"Venky","employeePracticeArea":"AI","employeeDesignation":"Sr.Architect","employeeCompanyInfo":" Apple"},{"employeeID":4,"employeeName":"Nag","employeePracticeArea":"AWS","employeeDesignation":"Programmer","employeeCompanyInfo":" Google"}]
2019-11-22 12:27:40,270 INFO com.apple.employee.bridge.logging.EmployeeBridgeLogger [http-nio-9090-exec-1] Method Name : List com.apple.employee.bridge.controller.EmployeeBridgeController.fetchEmployees() : Response: [{"employeeID":1,"employeeName":"Chiru","employeePracticeArea":"Java","employeeDesignation":"Manager","employeeCompanyInfo":"Infosys"},{"employeeID":2,"employeeName":"Balayya","employeePracticeArea":"C++","employeeDesignation":"Manager","employeeCompanyInfo":" Tech Mahindra"},{"employeeID":3,"employeeName":"Venky","employeePracticeArea":"AI","employeeDesignation":"Sr.Architect","employeeCompanyInfo":" Apple"},{"employeeID":4,"employeeName":"Nag","employeePracticeArea":"AWS","employeeDesignation":"Programmer","employeeCompanyInfo":" Google"}]
2019-11-22 12:27:44,648 INFO com.apple.employee.bridge.logging.EmployeeBridgeLogger [http-nio-9090-exec-2] Method : EmployeeBridgeDTO com.apple.employee.bridge.controller.EmployeeBridgeController.fetchEmployeeById(Long): arguments: [1]
2019-11-22 12:27:44,649 INFO com.apple.employee.bridge.logging.EmployeeBridgeLogger [http-nio-9090-exec-2] Method : EmployeeBridgeDTO com.apple.employee.bridge.service.impl.EmployeeBridgeServiceImpl.fetchEmployeeById(Long): arguments: [1]
2019-11-22 12:27:44,674 INFO com.apple.employee.bridge.logging.EmployeeBridgeLogger [http-nio-9090-exec-2] Method Name : EmployeeBridgeDTO com.apple.employee.bridge.service.impl.EmployeeBridgeServiceImpl.fetchEmployeeById(Long) : Response: {"employeeID":1,"employeeName":"Chiru","employeePracticeArea":"Java","employeeDesignation":"Manager","employeeCompanyInfo":"Infosys"}
2019-11-22 12:27:44,675 INFO com.apple.employee.bridge.logging.EmployeeBridgeLogger [http-nio-9090-exec-2] Method Name : EmployeeBridgeDTO com.apple.employee.bridge.controller.EmployeeBridgeController.fetchEmployeeById(Long) : Response: {"employeeID":1,"employeeName":"Chiru","employeePracticeArea":"Java","employeeDesignation":"Manager","employeeCompanyInfo":"Infosys"}
2019-11-22 12:27:50,872 INFO com.apple.employee.bridge.logging.EmployeeBridgeLogger [http-nio-9090-exec-4] Method : String com.apple.employee.bridge.controller.EmployeeBridgeController.getHealth(): arguments: []
2019-11-22 12:27:50,873 INFO com.apple.employee.bridge.logging.EmployeeBridgeLogger [http-nio-9090-exec-4] Method : String com.apple.employee.bridge.service.impl.EmployeeBridgeServiceImpl.getHealth(): arguments: []
2019-11-22 12:27:55,871 INFO com.apple.employee.bridge.logging.EmployeeBridgeLogger [http-nio-9090-exec-5] Method : String com.apple.employee.bridge.controller.EmployeeBridgeController.getHealth(): arguments: []
2019-11-22 12:27:55,907 INFO com.apple.employee.bridge.logging.EmployeeBridgeLogger [http-nio-9090-exec-5] Method : String com.apple.employee.bridge.service.impl.EmployeeBridgeServiceImpl.getHealth(): arguments: []
2019-11-22 12:28:01,015 INFO com.apple.employee.bridge.logging.EmployeeBridgeLogger [http-nio-9090-exec-4] Method Name : String com.apple.employee.bridge.service.impl.EmployeeBridgeServiceImpl.getHealth() : Response: "200 OK"
2019-11-22 12:28:01,016 INFO com.apple.employee.bridge.logging.EmployeeBridgeLogger [http-nio-9090-exec-4] Method Name : String com.apple.employee.bridge.controller.EmployeeBridgeController.getHealth() : Response: "200 OK"
2019-11-22 12:28:05,917 INFO com.apple.employee.bridge.logging.EmployeeBridgeLogger [http-nio-9090-exec-5] Method Name : String com.apple.employee.bridge.service.impl.EmployeeBridgeServiceImpl.getHealth() : Response: "200 OK"
2019-11-22 12:28:05,917 INFO com.apple.employee.bridge.logging.EmployeeBridgeLogger [http-nio-9090-exec-5] Method Name : String com.apple.employee.bridge.controller.EmployeeBridgeController.getHealth() : Response: "200 OK"
