2019-11-05 18:46:40 [main] INFO  c.a.e.b.EmployeeBridgeApplication - Starting EmployeeBridgeApplication on BLRJPT3270D with PID 43398 (/Users/abdul.rahimanshaik/eclipse-workspace-practice/employee-bridge/target/classes started by abdul.rahimanshaik in /Users/abdul.rahimanshaik/eclipse-workspace-practice/employee-bridge)
2019-11-05 18:46:40 [main] DEBUG c.a.e.b.EmployeeBridgeApplication - Running with Spring Boot v2.2.0.RELEASE, Spring v5.2.0.RELEASE
2019-11-05 18:46:40 [main] INFO  c.a.e.b.EmployeeBridgeApplication - No active profile set, falling back to default profiles: default
2019-11-05 18:46:41 [main] INFO  c.a.e.b.EmployeeBridgeApplication - Started EmployeeBridgeApplication in 1.339 seconds (JVM running for 1.965)
2019-11-05 18:46:51 [http-nio-9090-exec-1] DEBUG c.a.e.b.c.EmployeeBridgeController - into the fetchEmployees() 
2019-11-05 18:46:51 [http-nio-9090-exec-1] DEBUG c.a.e.b.s.i.EmployeeBridgeServiceImpl - Entering into the fetchEmployees()
2019-11-05 18:46:51 [http-nio-9090-exec-1] DEBUG c.a.e.b.s.i.EmployeeBridgeServiceImpl - Employee Details, [EmployeeBridgeDTO [employeeID=1, employeeName=Chiru, employeePracticeArea=Java, employeeDesignation=Manager, employeeCompanyInfo=Infosys], EmployeeBridgeDTO [employeeID=2, employeeName=Balayya, employeePracticeArea=C++, employeeDesignation=Manager, employeeCompanyInfo= Tech Mahindra], EmployeeBridgeDTO [employeeID=3, employeeName=Venky, employeePracticeArea=AI, employeeDesignation=Sr.Architect, employeeCompanyInfo= Apple], EmployeeBridgeDTO [employeeID=4, employeeName=Nag, employeePracticeArea=AWS, employeeDesignation=Programmer, employeeCompanyInfo= Google]]
2019-11-05 18:46:51 [http-nio-9090-exec-1] DEBUG c.a.e.b.s.i.EmployeeBridgeServiceImpl - Exiting from the fetchEmployees() 
18:48:58.048 [main] INFO  c.a.e.b.EmployeeBridgeApplication - Starting EmployeeBridgeApplication on BLRJPT3270D with PID 43435 (/Users/abdul.rahimanshaik/eclipse-workspace-practice/employee-bridge/target/classes started by abdul.rahimanshaik in /Users/abdul.rahimanshaik/eclipse-workspace-practice/employee-bridge)
18:48:58.050 [main] DEBUG c.a.e.b.EmployeeBridgeApplication - Running with Spring Boot v2.2.0.RELEASE, Spring v5.2.0.RELEASE
18:48:58.051 [main] INFO  c.a.e.b.EmployeeBridgeApplication - No active profile set, falling back to default profiles: default
18:48:59.162 [main] INFO  c.a.e.b.EmployeeBridgeApplication - Started EmployeeBridgeApplication in 1.397 seconds (JVM running for 2.274)
18:49:09.710 [http-nio-9090-exec-1] DEBUG c.a.e.b.c.EmployeeBridgeController - into the fetchEmployees() 
18:49:09.711 [http-nio-9090-exec-1] DEBUG c.a.e.b.s.i.EmployeeBridgeServiceImpl - Entering into the fetchEmployees()
18:49:09.784 [http-nio-9090-exec-1] DEBUG c.a.e.b.s.i.EmployeeBridgeServiceImpl - Employee Details, [EmployeeBridgeDTO [employeeID=1, employeeName=Chiru, employeePracticeArea=Java, employeeDesignation=Manager, employeeCompanyInfo=Infosys], EmployeeBridgeDTO [employeeID=2, employeeName=Balayya, employeePracticeArea=C++, employeeDesignation=Manager, employeeCompanyInfo= Tech Mahindra], EmployeeBridgeDTO [employeeID=3, employeeName=Venky, employeePracticeArea=AI, employeeDesignation=Sr.Architect, employeeCompanyInfo= Apple], EmployeeBridgeDTO [employeeID=4, employeeName=Nag, employeePracticeArea=AWS, employeeDesignation=Programmer, employeeCompanyInfo= Google]]
18:49:09.784 [http-nio-9090-exec-1] DEBUG c.a.e.b.s.i.EmployeeBridgeServiceImpl - Exiting from the fetchEmployees() 
2019-11-05 18:49:33,720 INFO com.apple.employee.bridge.EmployeeBridgeApplication [main] Starting EmployeeBridgeApplication on BLRJPT3270D with PID 43505 (/Users/abdul.rahimanshaik/eclipse-workspace-practice/employee-bridge/target/classes started by abdul.rahimanshaik in /Users/abdul.rahimanshaik/eclipse-workspace-practice/employee-bridge)
2019-11-05 18:49:33,722 DEBUG com.apple.employee.bridge.EmployeeBridgeApplication [main] Running with Spring Boot v2.2.0.RELEASE, Spring v5.2.0.RELEASE
2019-11-05 18:49:33,722 INFO com.apple.employee.bridge.EmployeeBridgeApplication [main] No active profile set, falling back to default profiles: default
2019-11-05 18:49:34,694 INFO com.apple.employee.bridge.EmployeeBridgeApplication [main] Started EmployeeBridgeApplication in 1.214 seconds (JVM running for 1.784)
2019-11-05 18:49:39,295 DEBUG com.apple.employee.bridge.controller.EmployeeBridgeController [http-nio-9090-exec-1] into the fetchEmployees() 
2019-11-05 18:49:39,295 DEBUG com.apple.employee.bridge.service.impl.EmployeeBridgeServiceImpl [http-nio-9090-exec-1] Entering into the fetchEmployees()
2019-11-05 18:49:39,367 DEBUG com.apple.employee.bridge.service.impl.EmployeeBridgeServiceImpl [http-nio-9090-exec-1] Employee Details, [EmployeeBridgeDTO [employeeID=1, employeeName=Chiru, employeePracticeArea=Java, employeeDesignation=Manager, employeeCompanyInfo=Infosys], EmployeeBridgeDTO [employeeID=2, employeeName=Balayya, employeePracticeArea=C++, employeeDesignation=Manager, employeeCompanyInfo= Tech Mahindra], EmployeeBridgeDTO [employeeID=3, employeeName=Venky, employeePracticeArea=AI, employeeDesignation=Sr.Architect, employeeCompanyInfo= Apple], EmployeeBridgeDTO [employeeID=4, employeeName=Nag, employeePracticeArea=AWS, employeeDesignation=Programmer, employeeCompanyInfo= Google]]
2019-11-05 18:49:39,367 DEBUG com.apple.employee.bridge.service.impl.EmployeeBridgeServiceImpl [http-nio-9090-exec-1] Exiting from the fetchEmployees() 
2019-11-05 18:57:13,944 INFO com.apple.employee.bridge.EmployeeBridgeApplication [main] Starting EmployeeBridgeApplication on BLRJPT3270D with PID 43587 (/Users/abdul.rahimanshaik/eclipse-workspace-practice/employee-bridge/target/classes started by abdul.rahimanshaik in /Users/abdul.rahimanshaik/eclipse-workspace-practice/employee-bridge)
2019-11-05 18:57:13,946 DEBUG com.apple.employee.bridge.EmployeeBridgeApplication [main] Running with Spring Boot v2.2.0.RELEASE, Spring v5.2.0.RELEASE
2019-11-05 18:57:13,946 INFO com.apple.employee.bridge.EmployeeBridgeApplication [main] No active profile set, falling back to default profiles: default
2019-11-05 18:57:14,929 INFO com.apple.employee.bridge.EmployeeBridgeApplication [main] Started EmployeeBridgeApplication in 1.237 seconds (JVM running for 1.819)
2019-11-05 18:57:34,880 DEBUG com.apple.employee.bridge.controller.EmployeeBridgeController [http-nio-9090-exec-1] into the fetchEmployees() 
2019-11-05 18:57:34,880 DEBUG com.apple.employee.bridge.service.impl.EmployeeBridgeServiceImpl [http-nio-9090-exec-1] Entering into the fetchEmployees()
2019-11-05 18:57:35,099 DEBUG com.apple.employee.bridge.service.impl.EmployeeBridgeServiceImpl [http-nio-9090-exec-1] Employee Details, [EmployeeBridgeDTO [employeeID=1, employeeName=Chiru, employeePracticeArea=Java, employeeDesignation=Manager, employeeCompanyInfo=Infosys], EmployeeBridgeDTO [employeeID=2, employeeName=Balayya, employeePracticeArea=C++, employeeDesignation=Manager, employeeCompanyInfo= Tech Mahindra], EmployeeBridgeDTO [employeeID=3, employeeName=Venky, employeePracticeArea=AI, employeeDesignation=Sr.Architect, employeeCompanyInfo= Apple], EmployeeBridgeDTO [employeeID=4, employeeName=Nag, employeePracticeArea=AWS, employeeDesignation=Programmer, employeeCompanyInfo= Google]]
2019-11-05 18:57:35,099 DEBUG com.apple.employee.bridge.service.impl.EmployeeBridgeServiceImpl [http-nio-9090-exec-1] Exiting from the fetchEmployees() 
2019-11-05 18:58:05,794 DEBUG com.apple.employee.bridge.controller.EmployeeBridgeController [http-nio-9090-exec-3] into the fetchEmployeeById(), iEmployeeID 1
2019-11-05 18:58:05,795 DEBUG com.apple.employee.bridge.service.impl.EmployeeBridgeServiceImpl [http-nio-9090-exec-3] Entering into the fetchEmployeeById(), iEmployeeID 1
2019-11-05 18:58:05,811 DEBUG com.apple.employee.bridge.service.impl.EmployeeBridgeServiceImpl [http-nio-9090-exec-3] Employee Details, EmployeeBridgeDTO [employeeID=1, employeeName=Chiru, employeePracticeArea=Java, employeeDesignation=Manager, employeeCompanyInfo=Infosys]
2019-11-05 18:58:05,811 DEBUG com.apple.employee.bridge.service.impl.EmployeeBridgeServiceImpl [http-nio-9090-exec-3] Exiting from fetchEmployeeById(), iEmployeeID 1
2019-11-05 18:58:11,254 DEBUG com.apple.employee.bridge.controller.EmployeeBridgeController [http-nio-9090-exec-4] into the fetchEmployeeById(), iEmployeeID 11
2019-11-05 18:58:11,255 DEBUG com.apple.employee.bridge.service.impl.EmployeeBridgeServiceImpl [http-nio-9090-exec-4] Entering into the fetchEmployeeById(), iEmployeeID 11
2019-11-05 18:58:11,266 WARN com.apple.employee.bridge.service.impl.EmployeeBridgeServiceImpl [http-nio-9090-exec-4] Received 0 results for the search iEmployeeID 11
2019-11-05 19:15:34,885 INFO com.apple.employee.bridge.EmployeeBridgeApplication [main] Starting EmployeeBridgeApplication on BLRJPT3270D with PID 43872 (/Users/abdul.rahimanshaik/eclipse-workspace-practice/employee-bridge/target/classes started by abdul.rahimanshaik in /Users/abdul.rahimanshaik/eclipse-workspace-practice/employee-bridge)
2019-11-05 19:15:34,902 DEBUG com.apple.employee.bridge.EmployeeBridgeApplication [main] Running with Spring Boot v2.2.0.RELEASE, Spring v5.2.0.RELEASE
2019-11-05 19:15:34,903 INFO com.apple.employee.bridge.EmployeeBridgeApplication [main] No active profile set, falling back to default profiles: default
2019-11-05 19:15:35,932 INFO com.apple.employee.bridge.EmployeeBridgeApplication [main] Started EmployeeBridgeApplication in 1.309 seconds (JVM running for 1.89)
2019-11-05 19:16:10,765 DEBUG com.apple.employee.bridge.controller.EmployeeBridgeController [http-nio-9090-exec-2] into the fetchEmployees() 
2019-11-05 19:16:10,765 DEBUG com.apple.employee.bridge.service.impl.EmployeeBridgeServiceImpl [http-nio-9090-exec-2] Entering into the fetchEmployees()
2019-11-05 19:16:10,847 DEBUG com.apple.employee.bridge.service.impl.EmployeeBridgeServiceImpl [http-nio-9090-exec-2] Employee Details, [EmployeeBridgeDTO [employeeID=1, employeeName=Chiru, employeePracticeArea=Java, employeeDesignation=Manager, employeeCompanyInfo=Infosys], EmployeeBridgeDTO [employeeID=2, employeeName=Balayya, employeePracticeArea=C++, employeeDesignation=Manager, employeeCompanyInfo= Tech Mahindra], EmployeeBridgeDTO [employeeID=3, employeeName=Venky, employeePracticeArea=AI, employeeDesignation=Sr.Architect, employeeCompanyInfo= Apple], EmployeeBridgeDTO [employeeID=4, employeeName=Nag, employeePracticeArea=AWS, employeeDesignation=Programmer, employeeCompanyInfo= Google]]
2019-11-05 19:16:10,847 DEBUG com.apple.employee.bridge.service.impl.EmployeeBridgeServiceImpl [http-nio-9090-exec-2] Exiting from the fetchEmployees() 
2019-11-05 19:16:22,903 DEBUG com.apple.employee.bridge.controller.EmployeeBridgeController [http-nio-9090-exec-4] into the fetchEmployeeById(), iEmployeeID 1
2019-11-05 19:16:22,903 DEBUG com.apple.employee.bridge.service.impl.EmployeeBridgeServiceImpl [http-nio-9090-exec-4] Entering into the fetchEmployeeById(), iEmployeeID 1
2019-11-05 19:16:22,912 DEBUG com.apple.employee.bridge.service.impl.EmployeeBridgeServiceImpl [http-nio-9090-exec-4] Employee Details, EmployeeBridgeDTO [employeeID=1, employeeName=Chiru, employeePracticeArea=Java, employeeDesignation=Manager, employeeCompanyInfo=Infosys]
2019-11-05 19:16:22,912 DEBUG com.apple.employee.bridge.service.impl.EmployeeBridgeServiceImpl [http-nio-9090-exec-4] Exiting from fetchEmployeeById(), iEmployeeID 1
2019-11-05 19:16:28,374 DEBUG com.apple.employee.bridge.controller.EmployeeBridgeController [http-nio-9090-exec-5] into the fetchEmployeeById(), iEmployeeID 11
2019-11-05 19:16:28,375 DEBUG com.apple.employee.bridge.service.impl.EmployeeBridgeServiceImpl [http-nio-9090-exec-5] Entering into the fetchEmployeeById(), iEmployeeID 11
2019-11-05 19:16:28,386 WARN com.apple.employee.bridge.service.impl.EmployeeBridgeServiceImpl [http-nio-9090-exec-5] Received 0 results for the search iEmployeeID 11
